  Source.cpp
C:\Github\My_Git_Website\PhysicsSims\Simulator\ObjectEngine\Static_Rectangle.h(32,41): warning C4244: '=': conversion from 'T' to 'int', possible loss of data
          with
          [
              T=float
          ]
C:\Github\My_Git_Website\PhysicsSims\Simulator\ObjectEngine\Static_Rectangle.h(33,41): warning C4244: '=': conversion from 'T' to 'int', possible loss of data
          with
          [
              T=float
          ]
C:\Github\My_Git_Website\PhysicsSims\Simulator\ObjectEngine\Source.cpp(92,71): warning C4244: 'argument': conversion from 'float' to 'Uint8', possible loss of data
C:\Github\My_Git_Website\PhysicsSims\Simulator\ObjectEngine\Source.cpp(92,65): warning C4244: 'argument': conversion from 'float' to 'Uint8', possible loss of data
C:\Github\My_Git_Website\PhysicsSims\Simulator\ObjectEngine\Source.cpp(92,60): warning C4244: 'argument': conversion from 'float' to 'Uint8', possible loss of data
C:\Github\My_Git_Website\PhysicsSims\Simulator\ObjectEngine\Source.cpp(92,54): warning C4244: 'argument': conversion from 'float' to 'Uint8', possible loss of data
C:\Github\My_Git_Website\PhysicsSims\Simulator\ObjectEngine\Source.cpp(94,75): warning C4244: 'argument': conversion from 'float' to 'Uint8', possible loss of data
C:\Github\My_Git_Website\PhysicsSims\Simulator\ObjectEngine\Source.cpp(94,68): warning C4244: 'argument': conversion from 'float' to 'Uint8', possible loss of data
C:\Github\My_Git_Website\PhysicsSims\Simulator\ObjectEngine\Source.cpp(94,61): warning C4244: 'argument': conversion from 'float' to 'Uint8', possible loss of data
C:\Github\My_Git_Website\PhysicsSims\Simulator\ObjectEngine\Source.cpp(94,54): warning C4244: 'argument': conversion from 'float' to 'Uint8', possible loss of data
  ObjectEngine.vcxproj -> C:\Github\My_Git_Website\PhysicsSims\Simulator\x64\Debug\ObjectEngine.exe
